[debug] [2022-11-27T16:10:17.815Z] ----------------------------------------------------------------------
[debug] [2022-11-27T16:10:17.817Z] Command:       C:\Program Files\nodejs\node.exe C:\Users\dipanshu\AppData\Roaming\npm\node_modules\firebase-tools\lib\bin\firebase.js init
[debug] [2022-11-27T16:10:17.818Z] CLI Version:   11.16.1
[debug] [2022-11-27T16:10:17.818Z] Platform:      win32
[debug] [2022-11-27T16:10:17.818Z] Node Version:  v18.12.1
[debug] [2022-11-27T16:10:17.819Z] Time:          Sun Nov 27 2022 21:40:17 GMT+0530 (India Standard Time)
[debug] [2022-11-27T16:10:17.819Z] ----------------------------------------------------------------------
[debug] 
[debug] [2022-11-27T16:10:17.879Z] > command requires scopes: ["email","openid","https://www.googleapis.com/auth/cloudplatformprojects.readonly","https://www.googleapis.com/auth/firebase","https://www.googleapis.com/auth/cloud-platform"]
[debug] [2022-11-27T16:10:17.879Z] > authorizing via signed-in user (dipanshumahato@gmail.com)
[info] 
     ######## #### ########  ######## ########     ###     ######  ########
     ##        ##  ##     ## ##       ##     ##  ##   ##  ##       ##
     ######    ##  ########  ######   ########  #########  ######  ######
     ##        ##  ##    ##  ##       ##     ## ##     ##       ## ##
     ##       #### ##     ## ######## ########  ##     ##  ######  ########

You're about to initialize a Firebase project in this directory:

  D:\Study\Programming\Web Dev\Projects\hackathon\gardenify-backend

Before we get started, keep in mind:

  * You are initializing within an existing Firebase project directory

[info] 
=== Project Setup
[info] 
[info] First, let's associate this project directory with a Firebase project.
[info] You can create multiple project aliases by running firebase use --add, 
[info] but for now we'll just set up a default project.
[info] 
[debug] [2022-11-27T16:10:26.665Z] Using project from CLI flag: gardenify-backend
[debug] [2022-11-27T16:10:26.668Z] >>> [apiv2][query] GET https://firebase.googleapis.com/v1beta1/projects/gardenify-backend [none]
[debug] [2022-11-27T16:10:27.637Z] <<< [apiv2][status] GET https://firebase.googleapis.com/v1beta1/projects/gardenify-backend 200
[debug] [2022-11-27T16:10:27.638Z] <<< [apiv2][body] GET https://firebase.googleapis.com/v1beta1/projects/gardenify-backend {"projectId":"gardenify-backend","projectNumber":"489389278087","displayName":"gardenify-backend","name":"projects/gardenify-backend","resources":{"hostingSite":"gardenify-backend","storageBucket":"gardenify-backend.appspot.com","locationId":"asia-south1"},"state":"ACTIVE","etag":"1_3df6e448-079e-4898-a9cb-f10c9b86d783"}
[info] i  Using project gardenify-backend (gardenify-backend) 
[info] 
=== Firestore Setup
[debug] [2022-11-27T16:10:27.656Z] >>> [apiv2][query] GET https://serviceusage.googleapis.com/v1/projects/gardenify-backend/services/firestore.googleapis.com [none]
[debug] [2022-11-27T16:10:27.657Z] >>> [apiv2][(partial)header] GET https://serviceusage.googleapis.com/v1/projects/gardenify-backend/services/firestore.googleapis.com x-goog-quota-user=projects/gardenify-backend
[debug] [2022-11-27T16:10:30.040Z] <<< [apiv2][status] GET https://serviceusage.googleapis.com/v1/projects/gardenify-backend/services/firestore.googleapis.com 200
[debug] [2022-11-27T16:10:30.040Z] <<< [apiv2][body] GET https://serviceusage.googleapis.com/v1/projects/gardenify-backend/services/firestore.googleapis.com [omitted]
[debug] [2022-11-27T16:10:30.041Z] >>> [apiv2][query] GET https://appengine.googleapis.com/v1/apps/gardenify-backend [none]
[debug] [2022-11-27T16:10:30.843Z] <<< [apiv2][status] GET https://appengine.googleapis.com/v1/apps/gardenify-backend 200
[debug] [2022-11-27T16:10:30.843Z] <<< [apiv2][body] GET https://appengine.googleapis.com/v1/apps/gardenify-backend {"name":"apps/gardenify-backend","id":"gardenify-backend","authDomain":"gmail.com","locationId":"asia-south1","codeBucket":"staging.gardenify-backend.appspot.com","servingStatus":"SERVING","defaultHostname":"gardenify-backend.el.r.appspot.com","defaultBucket":"gardenify-backend.appspot.com","serviceAccount":"gardenify-backend@appspot.gserviceaccount.com","gcrDomain":"asia.gcr.io","databaseType":"CLOUD_FIRESTORE","featureSettings":{"splitHealthChecks":true,"useContainerOptimizedOs":true}}
[debug] [2022-11-27T16:10:30.843Z] database_type: CLOUD_FIRESTORE
[debug] [2022-11-27T16:10:30.843Z] > command requires scopes: ["email","openid","https://www.googleapis.com/auth/cloudplatformprojects.readonly","https://www.googleapis.com/auth/firebase","https://www.googleapis.com/auth/cloud-platform"]
[debug] [2022-11-27T16:10:30.844Z] > authorizing via signed-in user (dipanshumahato@gmail.com)
[debug] [2022-11-27T16:10:30.844Z] [iam] checking project gardenify-backend for permissions ["firebase.projects.get"]
[debug] [2022-11-27T16:10:30.844Z] >>> [apiv2][query] POST https://cloudresourcemanager.googleapis.com/v1/projects/gardenify-backend:testIamPermissions [none]
[debug] [2022-11-27T16:10:30.845Z] >>> [apiv2][(partial)header] POST https://cloudresourcemanager.googleapis.com/v1/projects/gardenify-backend:testIamPermissions x-goog-quota-user=projects/gardenify-backend
[debug] [2022-11-27T16:10:30.845Z] >>> [apiv2][body] POST https://cloudresourcemanager.googleapis.com/v1/projects/gardenify-backend:testIamPermissions {"permissions":["firebase.projects.get"]}
[debug] [2022-11-27T16:10:32.810Z] <<< [apiv2][status] POST https://cloudresourcemanager.googleapis.com/v1/projects/gardenify-backend:testIamPermissions 200
[debug] [2022-11-27T16:10:32.810Z] <<< [apiv2][body] POST https://cloudresourcemanager.googleapis.com/v1/projects/gardenify-backend:testIamPermissions {"permissions":["firebase.projects.get"]}
[info] 
[info] Firestore Security Rules allow you to define how and when to allow
[info] requests. You can keep these rules in your project directory
[info] and publish them with firebase deploy.
[info] 
[debug] [2022-11-27T16:10:42.869Z] >>> [apiv2][query] GET https://firebaserules.googleapis.com/v1/projects/gardenify-backend/releases pageSize=10&pageToken=
[debug] [2022-11-27T16:10:44.772Z] <<< [apiv2][status] GET https://firebaserules.googleapis.com/v1/projects/gardenify-backend/releases 200
[debug] [2022-11-27T16:10:44.772Z] <<< [apiv2][body] GET https://firebaserules.googleapis.com/v1/projects/gardenify-backend/releases {"releases":[{"name":"projects/gardenify-backend/releases/cloud.firestore","rulesetName":"projects/gardenify-backend/rulesets/d6b04e3f-7fd0-46ba-8a84-2dd3533498b5","createTime":"2022-11-27T15:44:19.152180Z","updateTime":"2022-11-27T15:44:19.152180Z"},{"name":"projects/gardenify-backend/releases/firebase.storage/gardenify-backend.appspot.com","rulesetName":"projects/gardenify-backend/rulesets/c427c871-faae-4501-abc0-14e356223bac","createTime":"2022-11-27T16:05:48.965041Z","updateTime":"2022-11-27T16:05:48.965041Z"}]}
[debug] [2022-11-27T16:10:44.784Z] Found ruleset: projects/gardenify-backend/rulesets/d6b04e3f-7fd0-46ba-8a84-2dd3533498b5
[debug] [2022-11-27T16:10:44.785Z] >>> [apiv2][query] GET https://firebaserules.googleapis.com/v1/projects/gardenify-backend/rulesets/d6b04e3f-7fd0-46ba-8a84-2dd3533498b5 [none]
[debug] [2022-11-27T16:10:45.587Z] <<< [apiv2][status] GET https://firebaserules.googleapis.com/v1/projects/gardenify-backend/rulesets/d6b04e3f-7fd0-46ba-8a84-2dd3533498b5 200
[debug] [2022-11-27T16:10:45.587Z] <<< [apiv2][body] GET https://firebaserules.googleapis.com/v1/projects/gardenify-backend/rulesets/d6b04e3f-7fd0-46ba-8a84-2dd3533498b5 [omitted]
[info] 
[info] Firestore indexes allow you to perform complex queries while
[info] maintaining performance that scales with the size of the result
[info] set. You can keep index definitions in your project directory
[info] and publish them with firebase deploy.
[info] 
[debug] [2022-11-27T16:10:48.157Z] >>> [apiv2][query] GET https://firestore.googleapis.com/v1/projects/gardenify-backend/databases/(default)/collectionGroups/-/indexes [none]
[debug] [2022-11-27T16:10:48.158Z] >>> [apiv2][query] GET https://firestore.googleapis.com/v1/projects/gardenify-backend/databases/(default)/collectionGroups/-/fields?filter=indexConfig.usesAncestorConfig=false [none]
[debug] [2022-11-27T16:10:48.947Z] <<< [apiv2][status] GET https://firestore.googleapis.com/v1/projects/gardenify-backend/databases/(default)/collectionGroups/-/indexes 200
[debug] [2022-11-27T16:10:48.947Z] <<< [apiv2][body] GET https://firestore.googleapis.com/v1/projects/gardenify-backend/databases/(default)/collectionGroups/-/indexes {}
[debug] [2022-11-27T16:10:48.948Z] <<< [apiv2][status] GET https://firestore.googleapis.com/v1/projects/gardenify-backend/databases/(default)/collectionGroups/-/fields?filter=indexConfig.usesAncestorConfig=false 200
[debug] [2022-11-27T16:10:48.948Z] <<< [apiv2][body] GET https://firestore.googleapis.com/v1/projects/gardenify-backend/databases/(default)/collectionGroups/-/fields?filter=indexConfig.usesAncestorConfig=false {"fields":[{"name":"projects/gardenify-backend/databases/(default)/collectionGroups/__default__/fields/*","indexConfig":{"indexes":[{"queryScope":"COLLECTION","fields":[{"fieldPath":"*","order":"ASCENDING"}],"state":"READY"},{"queryScope":"COLLECTION","fields":[{"fieldPath":"*","order":"DESCENDING"}],"state":"READY"},{"queryScope":"COLLECTION","fields":[{"fieldPath":"*","arrayConfig":"CONTAINS"}],"state":"READY"}]}}]}
[debug] [2022-11-27T16:10:48.950Z] Error: EISDIR: illegal operation on a directory, open 'D:\Study\Programming\Web Dev\Projects\hackathon\gardenify-backend\y'
    at Object.openSync (node:fs:600:3)
    at Object.writeFileSync (node:fs:2221:35)
    at Object.createFileSync (C:\Users\dipanshu\AppData\Roaming\npm\node_modules\firebase-tools\node_modules\fs-extra\lib\ensure\file.js:63:6)
    at Config.writeProjectFile (C:\Users\dipanshu\AppData\Roaming\npm\node_modules\firebase-tools\lib\config.js:152:12)
    at C:\Users\dipanshu\AppData\Roaming\npm\node_modules\firebase-tools\lib\init\features\firestore\indexes.js:51:27
    at process.processTicksAndRejections (node:internal/process/task_queues:95:5)
    at async doSetup (C:\Users\dipanshu\AppData\Roaming\npm\node_modules\firebase-tools\lib\init\features\firestore\index.js:36:5)
    at async init (C:\Users\dipanshu\AppData\Roaming\npm\node_modules\firebase-tools\lib\init\index.js:36:9)
[error] 
[error] Error: An unexpected error has occurred.
[debug] [2022-11-27T16:10:58.536Z] ----------------------------------------------------------------------
[debug] [2022-11-27T16:10:58.537Z] Command:       C:\Program Files\nodejs\node.exe C:\Users\dipanshu\AppData\Roaming\npm\node_modules\firebase-tools\lib\bin\firebase.js init
[debug] [2022-11-27T16:10:58.538Z] CLI Version:   11.16.1
[debug] [2022-11-27T16:10:58.538Z] Platform:      win32
[debug] [2022-11-27T16:10:58.538Z] Node Version:  v18.12.1
[debug] [2022-11-27T16:10:58.539Z] Time:          Sun Nov 27 2022 21:40:58 GMT+0530 (India Standard Time)
[debug] [2022-11-27T16:10:58.539Z] ----------------------------------------------------------------------
[debug] 
[debug] [2022-11-27T16:10:58.606Z] > command requires scopes: ["email","openid","https://www.googleapis.com/auth/cloudplatformprojects.readonly","https://www.googleapis.com/auth/firebase","https://www.googleapis.com/auth/cloud-platform"]
[debug] [2022-11-27T16:10:58.606Z] > authorizing via signed-in user (dipanshumahato@gmail.com)
[info] 
     ######## #### ########  ######## ########     ###     ######  ########
     ##        ##  ##     ## ##       ##     ##  ##   ##  ##       ##
     ######    ##  ########  ######   ########  #########  ######  ######
     ##        ##  ##    ##  ##       ##     ## ##     ##       ## ##
     ##       #### ##     ## ######## ########  ##     ##  ######  ########

You're about to initialize a Firebase project in this directory:

  D:\Study\Programming\Web Dev\Projects\hackathon\gardenify-backend

Before we get started, keep in mind:

  * You are initializing within an existing Firebase project directory

[info] 
=== Project Setup
[info] 
[info] First, let's associate this project directory with a Firebase project.
[info] You can create multiple project aliases by running firebase use --add, 
[info] but for now we'll just set up a default project.
[info] 
[debug] [2022-11-27T16:11:07.070Z] Using project from CLI flag: gardenify-backend
[debug] [2022-11-27T16:11:07.073Z] >>> [apiv2][query] GET https://firebase.googleapis.com/v1beta1/projects/gardenify-backend [none]
[debug] [2022-11-27T16:11:07.901Z] <<< [apiv2][status] GET https://firebase.googleapis.com/v1beta1/projects/gardenify-backend 200
[debug] [2022-11-27T16:11:07.901Z] <<< [apiv2][body] GET https://firebase.googleapis.com/v1beta1/projects/gardenify-backend {"projectId":"gardenify-backend","projectNumber":"489389278087","displayName":"gardenify-backend","name":"projects/gardenify-backend","resources":{"hostingSite":"gardenify-backend","storageBucket":"gardenify-backend.appspot.com","locationId":"asia-south1"},"state":"ACTIVE","etag":"1_3df6e448-079e-4898-a9cb-f10c9b86d783"}
[info] i  Using project gardenify-backend (gardenify-backend) 
[info] 
=== Firestore Setup
[debug] [2022-11-27T16:11:07.921Z] >>> [apiv2][query] GET https://serviceusage.googleapis.com/v1/projects/gardenify-backend/services/firestore.googleapis.com [none]
[debug] [2022-11-27T16:11:07.922Z] >>> [apiv2][(partial)header] GET https://serviceusage.googleapis.com/v1/projects/gardenify-backend/services/firestore.googleapis.com x-goog-quota-user=projects/gardenify-backend
[debug] [2022-11-27T16:11:09.946Z] <<< [apiv2][status] GET https://serviceusage.googleapis.com/v1/projects/gardenify-backend/services/firestore.googleapis.com 200
[debug] [2022-11-27T16:11:09.946Z] <<< [apiv2][body] GET https://serviceusage.googleapis.com/v1/projects/gardenify-backend/services/firestore.googleapis.com [omitted]
[debug] [2022-11-27T16:11:09.946Z] >>> [apiv2][query] GET https://appengine.googleapis.com/v1/apps/gardenify-backend [none]
[debug] [2022-11-27T16:11:10.373Z] <<< [apiv2][status] GET https://appengine.googleapis.com/v1/apps/gardenify-backend 200
[debug] [2022-11-27T16:11:10.374Z] <<< [apiv2][body] GET https://appengine.googleapis.com/v1/apps/gardenify-backend {"name":"apps/gardenify-backend","id":"gardenify-backend","authDomain":"gmail.com","locationId":"asia-south1","codeBucket":"staging.gardenify-backend.appspot.com","servingStatus":"SERVING","defaultHostname":"gardenify-backend.el.r.appspot.com","defaultBucket":"gardenify-backend.appspot.com","serviceAccount":"gardenify-backend@appspot.gserviceaccount.com","gcrDomain":"asia.gcr.io","databaseType":"CLOUD_FIRESTORE","featureSettings":{"splitHealthChecks":true,"useContainerOptimizedOs":true}}
[debug] [2022-11-27T16:11:10.374Z] database_type: CLOUD_FIRESTORE
[debug] [2022-11-27T16:11:10.374Z] > command requires scopes: ["email","openid","https://www.googleapis.com/auth/cloudplatformprojects.readonly","https://www.googleapis.com/auth/firebase","https://www.googleapis.com/auth/cloud-platform"]
[debug] [2022-11-27T16:11:10.374Z] > authorizing via signed-in user (dipanshumahato@gmail.com)
[debug] [2022-11-27T16:11:10.374Z] [iam] checking project gardenify-backend for permissions ["firebase.projects.get"]
[debug] [2022-11-27T16:11:10.375Z] >>> [apiv2][query] POST https://cloudresourcemanager.googleapis.com/v1/projects/gardenify-backend:testIamPermissions [none]
[debug] [2022-11-27T16:11:10.375Z] >>> [apiv2][(partial)header] POST https://cloudresourcemanager.googleapis.com/v1/projects/gardenify-backend:testIamPermissions x-goog-quota-user=projects/gardenify-backend
[debug] [2022-11-27T16:11:10.375Z] >>> [apiv2][body] POST https://cloudresourcemanager.googleapis.com/v1/projects/gardenify-backend:testIamPermissions {"permissions":["firebase.projects.get"]}
[debug] [2022-11-27T16:11:12.026Z] <<< [apiv2][status] POST https://cloudresourcemanager.googleapis.com/v1/projects/gardenify-backend:testIamPermissions 200
[debug] [2022-11-27T16:11:12.026Z] <<< [apiv2][body] POST https://cloudresourcemanager.googleapis.com/v1/projects/gardenify-backend:testIamPermissions {"permissions":["firebase.projects.get"]}
[info] 
[info] Firestore Security Rules allow you to define how and when to allow
[info] requests. You can keep these rules in your project directory
[info] and publish them with firebase deploy.
[info] 
[debug] [2022-11-27T16:11:20.067Z] >>> [apiv2][query] GET https://firebaserules.googleapis.com/v1/projects/gardenify-backend/releases pageSize=10&pageToken=
[debug] [2022-11-27T16:11:21.673Z] <<< [apiv2][status] GET https://firebaserules.googleapis.com/v1/projects/gardenify-backend/releases 200
[debug] [2022-11-27T16:11:21.673Z] <<< [apiv2][body] GET https://firebaserules.googleapis.com/v1/projects/gardenify-backend/releases {"releases":[{"name":"projects/gardenify-backend/releases/cloud.firestore","rulesetName":"projects/gardenify-backend/rulesets/d6b04e3f-7fd0-46ba-8a84-2dd3533498b5","createTime":"2022-11-27T15:44:19.152180Z","updateTime":"2022-11-27T15:44:19.152180Z"},{"name":"projects/gardenify-backend/releases/firebase.storage/gardenify-backend.appspot.com","rulesetName":"projects/gardenify-backend/rulesets/c427c871-faae-4501-abc0-14e356223bac","createTime":"2022-11-27T16:05:48.965041Z","updateTime":"2022-11-27T16:05:48.965041Z"}]}
[debug] [2022-11-27T16:11:21.685Z] Found ruleset: projects/gardenify-backend/rulesets/d6b04e3f-7fd0-46ba-8a84-2dd3533498b5
[debug] [2022-11-27T16:11:21.686Z] >>> [apiv2][query] GET https://firebaserules.googleapis.com/v1/projects/gardenify-backend/rulesets/d6b04e3f-7fd0-46ba-8a84-2dd3533498b5 [none]
[debug] [2022-11-27T16:11:23.251Z] <<< [apiv2][status] GET https://firebaserules.googleapis.com/v1/projects/gardenify-backend/rulesets/d6b04e3f-7fd0-46ba-8a84-2dd3533498b5 200
[debug] [2022-11-27T16:11:23.251Z] <<< [apiv2][body] GET https://firebaserules.googleapis.com/v1/projects/gardenify-backend/rulesets/d6b04e3f-7fd0-46ba-8a84-2dd3533498b5 [omitted]
[info] 
[info] Firestore indexes allow you to perform complex queries while
[info] maintaining performance that scales with the size of the result
[info] set. You can keep index definitions in your project directory
[info] and publish them with firebase deploy.
[info] 
[debug] [2022-11-27T16:11:27.304Z] >>> [apiv2][query] GET https://firestore.googleapis.com/v1/projects/gardenify-backend/databases/(default)/collectionGroups/-/indexes [none]
[debug] [2022-11-27T16:11:27.306Z] >>> [apiv2][query] GET https://firestore.googleapis.com/v1/projects/gardenify-backend/databases/(default)/collectionGroups/-/fields?filter=indexConfig.usesAncestorConfig=false [none]
[debug] [2022-11-27T16:11:27.697Z] <<< [apiv2][status] GET https://firestore.googleapis.com/v1/projects/gardenify-backend/databases/(default)/collectionGroups/-/indexes 200
[debug] [2022-11-27T16:11:27.698Z] <<< [apiv2][body] GET https://firestore.googleapis.com/v1/projects/gardenify-backend/databases/(default)/collectionGroups/-/indexes {}
[debug] [2022-11-27T16:11:27.717Z] <<< [apiv2][status] GET https://firestore.googleapis.com/v1/projects/gardenify-backend/databases/(default)/collectionGroups/-/fields?filter=indexConfig.usesAncestorConfig=false 200
[debug] [2022-11-27T16:11:27.717Z] <<< [apiv2][body] GET https://firestore.googleapis.com/v1/projects/gardenify-backend/databases/(default)/collectionGroups/-/fields?filter=indexConfig.usesAncestorConfig=false {"fields":[{"name":"projects/gardenify-backend/databases/(default)/collectionGroups/__default__/fields/*","indexConfig":{"indexes":[{"queryScope":"COLLECTION","fields":[{"fieldPath":"*","order":"ASCENDING"}],"state":"READY"},{"queryScope":"COLLECTION","fields":[{"fieldPath":"*","order":"DESCENDING"}],"state":"READY"},{"queryScope":"COLLECTION","fields":[{"fieldPath":"*","arrayConfig":"CONTAINS"}],"state":"READY"}]}}]}
[info] 
=== Hosting Setup
[info] 
[info] Your public directory is the folder (relative to your project directory) that
[info] will contain Hosting assets to be uploaded with firebase deploy. If you
[info] have a build process for your assets, use your build's output directory.
[info] 
[info] +  Wrote public/404.html 
[debug] [2022-11-27T16:12:14.045Z] >>> [apiv2][query] GET https://www.gstatic.com/firebasejs/releases.json [none]
[debug] [2022-11-27T16:12:14.544Z] <<< [apiv2][status] GET https://www.gstatic.com/firebasejs/releases.json 200
[debug] [2022-11-27T16:12:14.544Z] <<< [apiv2][body] GET https://www.gstatic.com/firebasejs/releases.json {"current":{"version":"9.14.0","browserURL":"https://www.gstatic.com/firebasejs/9.14.0/firebase.js","packageURL":"https://www.gstatic.com/firebasejs/9.14.0/firebase.tgz"},"live":{"version":"9.14","browserURL":"https://www.gstatic.com/firebasejs/live/9.14/firebase.js","packageURL":"https://www.gstatic.com/firebasejs/live/9.14/firebase.tgz"},"components":{"analytics":"https://www.gstatic.com/firebasejs/9.14.0/firebase-analytics.js","app":"https://www.gstatic.com/firebasejs/9.14.0/firebase-app.js","app-check":"https://www.gstatic.com/firebasejs/9.14.0/firebase-app-check.js","auth":"https://www.gstatic.com/firebasejs/9.14.0/firebase-auth.js","auth/cordova":"https://www.gstatic.com/firebasejs/9.14.0/firebase-auth/cordova.js","auth/react-native":"https://www.gstatic.com/firebasejs/9.14.0/firebase-auth/react-native.js","functions":"https://www.gstatic.com/firebasejs/9.14.0/firebase-functions.js","firestore":"https://www.gstatic.com/firebasejs/9.14.0/firebase-firestore.js","firestore/lite":"https://www.gstatic.com/firebasejs/9.14.0/firebase-firestore/lite.js","installations":"https://www.gstatic.com/firebasejs/9.14.0/firebase-installations.js","storage":"https://www.gstatic.com/firebasejs/9.14.0/firebase-storage.js","performance":"https://www.gstatic.com/firebasejs/9.14.0/firebase-performance.js","remote-config":"https://www.gstatic.com/firebasejs/9.14.0/firebase-remote-config.js","messaging":"https://www.gstatic.com/firebasejs/9.14.0/firebase-messaging.js","messaging/sw":"https://www.gstatic.com/firebasejs/9.14.0/firebase-messaging/sw.js","database":"https://www.gstatic.com/firebasejs/9.14.0/firebase-database.js","firestore.memory":"https://www.gstatic.com/firebasejs/9.14.0/firebase-firestore.memory.js"}}
[info] +  Wrote public/index.html 
[info] 
[info] i  Didn't detect a .git folder. Assuming D:\Study\Programming\Web Dev\Projects\hackathon\gardenify-backend is the project root. 
[info] i  Authorizing with GitHub to upload your service account to a GitHub repository's secrets store. 
[info] 
[info] Visit this URL on this device to log in:
[info] https://github.com/login/oauth/authorize?client_id=89cf50f02ac6aaed3484&state=647750573&redirect_uri=http%3A%2F%2Flocalhost%3A9005&scope=read%3Auser%20repo%20public_repo
[info] 
[info] Waiting for authentication...
[debug] [2022-11-27T16:12:15.708Z] >>> [apiv2][query] POST https://github.com/login/oauth/access_token [none]
[debug] [2022-11-27T16:12:15.708Z] >>> [apiv2][body] POST https://github.com/login/oauth/access_token [stream]
[debug] [2022-11-27T16:12:16.460Z] <<< [apiv2][status] POST https://github.com/login/oauth/access_token 200
[debug] [2022-11-27T16:12:16.460Z] <<< [apiv2][body] POST https://github.com/login/oauth/access_token {"access_token":"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","token_type":"bearer","scope":"read:user,repo"}
[debug] [2022-11-27T16:12:16.464Z] >>> [apiv2][query] GET https://api.github.com/user [none]
[debug] [2022-11-27T16:12:17.213Z] <<< [apiv2][status] GET https://api.github.com/user 200
[debug] [2022-11-27T16:12:17.213Z] <<< [apiv2][body] GET https://api.github.com/user {"login":"dipanshu-m","id":38698710,"node_id":"MDQ6VXNlcjM4Njk4NzEw","avatar_url":"https://avatars.githubusercontent.com/u/38698710?v=4","gravatar_id":"","url":"https://api.github.com/users/dipanshu-m","html_url":"https://github.com/dipanshu-m","followers_url":"https://api.github.com/users/dipanshu-m/followers","following_url":"https://api.github.com/users/dipanshu-m/following{/other_user}","gists_url":"https://api.github.com/users/dipanshu-m/gists{/gist_id}","starred_url":"https://api.github.com/users/dipanshu-m/starred{/owner}{/repo}","subscriptions_url":"https://api.github.com/users/dipanshu-m/subscriptions","organizations_url":"https://api.github.com/users/dipanshu-m/orgs","repos_url":"https://api.github.com/users/dipanshu-m/repos","events_url":"https://api.github.com/users/dipanshu-m/events{/privacy}","received_events_url":"https://api.github.com/users/dipanshu-m/received_events","type":"User","site_admin":false,"name":"Dipanshu Mahato","company":null,"blog":"","location":"India","email":null,"hireable":null,"bio":"An indie Java developer and coder! :D \r\nAlways happy to help!\r\nLearning Python rn","twitter_username":"dipan_shu","public_repos":28,"public_gists":0,"followers":5,"following":4,"created_at":"2018-04-24T16:02:07Z","updated_at":"2022-11-24T09:27:06Z","private_gists":0,"total_private_repos":9,"owned_private_repos":9,"disk_usage":104626,"collaborators":3,"two_factor_authentication":false,"plan":{"name":"free","space":976562499,"collaborators":0,"private_repos":10000}}
[info] 
[info] +  Success! Logged into GitHub as dipanshu-m 
[info] 
[debug] [2022-11-27T16:12:30.996Z] >>> [apiv2][query] GET https://api.github.com/repos//actions/secrets/public-key type=owner
[debug] [2022-11-27T16:12:31.495Z] <<< [apiv2][status] GET https://api.github.com/repos//actions/secrets/public-key 404
[debug] [2022-11-27T16:12:31.495Z] <<< [apiv2][body] GET https://api.github.com/repos//actions/secrets/public-key {"message":"Not Found","documentation_url":"https://docs.github.com/rest"}
